libpxbackend-1.0.so: cannot open shared object file: No such file or directory
Failed to load module: /home/vinicius/snap/telegram-desktop/common/.cache/gio-modules/libgiolibproxy.so
Gtk-Message: 14:31:07.062: Not loading module "atk-bridge": The functionality is provided by GTK natively. Please try to not load it.
Gtk-Message: 14:31:08.850: Not loading module "atk-bridge": The functionality is provided by GTK natively. Please try to not load it.
Gtk-Message: 14:31:09.191: Not loading module "atk-bridge": The functionality is provided by GTK natively. Please try to not load it.
QPainter::begin: Paint device returned engine == 0, type: 2
QWidget::render: Cannot render with an inactive painter
[mp3float @ 0x5ac8d385b480] Could not update timestamps for skipped samples.
[mp3float @ 0x5ac8d385b480] Could not update timestamps for discarded samples.
qt.gui.imageio.jpeg: ./lib/jpegli/decode_scan.cc:535: Incomplete scan detected.
QDBusTrayIcon encountered a D-Bus error: QDBusError("org.freedesktop.DBus.Error.ServiceUnknown", "The name org.kde.StatusNotifierWatcher was not provided by any .service files")
qt.gui.imageio.jpeg: ./lib/jpegli/decode_scan.cc:535: Incomplete scan detected.
QDBusTrayIcon encountered a D-Bus error: QDBusError("org.freedesktop.DBus.Error.ServiceUnknown", "The name org.kde.StatusNotifierWatcher was not provided by any .service files")
QDBusTrayIcon encountered a D-Bus error: QDBusError("org.freedesktop.DBus.Error.ServiceUnknown", "The name org.kde.StatusNotifierWatcher was not provided by any .service files")
QDBusTrayIcon encountered a D-Bus error: QDBusError("org.freedesktop.DBus.Error.ServiceUnknown", "The name org.kde.StatusNotifierWatcher was not provided by any .service files")
QDBusTrayIcon encountered a D-Bus error: QDBusError("org.freedesktop.DBus.Error.ServiceUnknown", "The name org.kde.StatusNotifierWatcher was not provided by any .service files")
QDBusTrayIcon encountered a D-Bus error: QDBusError("org.freedesktop.DBus.Error.ServiceUnknown", "The name org.kde.StatusNotifierWatcher was not provided by any .service files")
QDBusTrayIcon encountered a D-Bus error: QDBusError("org.freedesktop.DBus.Error.ServiceUnknown", "The name org.kde.StatusNotifierWatcher was not provided by any .service files")
QDBusTrayIcon encountered a D-Bus error: QDBusError("org.freedesktop.DBus.Error.ServiceUnknown", "The name org.kde.StatusNotifierWatcher was not provided by any .service files")
Gdk-Message: 21:32:46.122: Error reading events from display: Broken pipe
